<?xml version="1.0" encoding="UTF-8"?>
<testng-results skipped="0" failed="0" ignored="0" total="2" passed="2">
  <reporter-output>
  </reporter-output>
  <suite name="com.qa.CRMTest" duration-ms="57670" started-at="2021-06-13T16:35:30Z" finished-at="2021-06-13T16:36:28Z">
    <groups>
    </groups>
    <test name="Command line test" duration-ms="57670" started-at="2021-06-13T16:35:30Z" finished-at="2021-06-13T16:36:28Z">
      <class name="com.qa.CRMTest">
        <test-method status="PASS" signature="setUp()[pri:0, instance:com.qa.CRMTest@1c68925]" name="setUp" is-config="true" duration-ms="19782" started-at="2021-06-13T22:05:30Z" finished-at="2021-06-13T22:05:50Z">
          <reporter-output>
          </reporter-output>
        </test-method> <!-- setUp -->
        <test-method status="PASS" signature="loginCRM()[pri:1, instance:com.qa.CRMTest@1c68925]" name="loginCRM" duration-ms="18193" started-at="2021-06-13T22:05:50Z" finished-at="2021-06-13T22:06:08Z">
          <reporter-output>
          </reporter-output>
        </test-method> <!-- loginCRM -->
        <test-method status="PASS" signature="tearDown()[pri:0, instance:com.qa.CRMTest@1c68925]" name="tearDown" is-config="true" duration-ms="670" started-at="2021-06-13T22:06:08Z" finished-at="2021-06-13T22:06:09Z">
          <reporter-output>
          </reporter-output>
        </test-method> <!-- tearDown -->
        <test-method status="PASS" signature="setUp()[pri:0, instance:com.qa.CRMTest@1c68925]" name="setUp" is-config="true" duration-ms="9278" started-at="2021-06-13T22:06:09Z" finished-at="2021-06-13T22:06:18Z">
          <reporter-output>
          </reporter-output>
        </test-method> <!-- setUp -->
        <test-method status="PASS" signature="clickOnContacts()[pri:2, instance:com.qa.CRMTest@1c68925]" name="clickOnContacts" duration-ms="9036" started-at="2021-06-13T22:06:18Z" finished-at="2021-06-13T22:06:27Z">
          <reporter-output>
          </reporter-output>
        </test-method> <!-- clickOnContacts -->
        <test-method status="PASS" signature="tearDown()[pri:0, instance:com.qa.CRMTest@1c68925]" name="tearDown" is-config="true" duration-ms="676" started-at="2021-06-13T22:06:27Z" finished-at="2021-06-13T22:06:28Z">
          <reporter-output>
          </reporter-output>
        </test-method> <!-- tearDown -->
      </class> <!-- com.qa.CRMTest -->
    </test> <!-- Command line test -->
  </suite> <!-- com.qa.CRMTest -->
</testng-results>
